[2023-04-12 00:22:28.821] [main] [critical] ../logs/Error_
[2023-04-12 00:22:28.821] [Bridge] [info] [47m[30musing SERIAL[0m
[2023-04-12 00:22:31.042] [Sensor] [warning] 内录已开始
[2023-04-12 00:22:31.042] [Sensor] [info] Vision Online
[2023-04-12 00:22:33.043] [Sensor] [info] 0
[2023-04-12 00:22:33.043] [Sensor] [info] Defalut
[2023-04-12 00:22:33.043] [Sensor] [info] Get Mine
[2023-04-12 00:22:33.507] [Sensor] [info] false
[2023-04-12 00:22:35.164] [Sensor] [info] Vision Online
[2023-04-12 00:22:37.165] [Sensor] [info] 0
[2023-04-12 00:22:37.165] [Sensor] [info] Defalut
[2023-04-12 00:22:37.165] [Sensor] [info] Get Mine
[2023-04-12 00:22:37.190] [Sensor] [info] false
[2023-04-12 00:22:37.307] [Sensor] [info] Vision Online
[2023-04-12 00:22:39.307] [Sensor] [info] 0
[2023-04-12 00:22:39.307] [Sensor] [info] Defalut
[2023-04-12 00:22:39.307] [Sensor] [info] Get Mine
[2023-04-12 00:22:39.320] [Sensor] [info] false
[2023-04-12 00:22:39.433] [Sensor] [info] Vision Online
[2023-04-12 00:22:41.433] [Sensor] [info] 0
[2023-04-12 00:22:41.434] [Sensor] [info] Defalut
[2023-04-12 00:22:41.434] [Sensor] [info] Get Mine
[2023-04-12 00:22:41.448] [Sensor] [info] false
[2023-04-12 00:22:41.573] [Sensor] [info] Vision Online
[2023-04-12 00:22:43.573] [Sensor] [info] 0
[2023-04-12 00:22:43.573] [Sensor] [info] Defalut
[2023-04-12 00:22:43.573] [Sensor] [info] Get Mine
[2023-04-12 00:22:43.607] [Sensor] [info] false
[2023-04-12 00:22:43.738] [Sensor] [info] Vision Online
[2023-04-12 00:22:45.738] [Sensor] [info] 0
[2023-04-12 00:22:45.738] [Sensor] [info] Defalut
[2023-04-12 00:22:45.738] [Sensor] [info] Get Mine
[2023-04-12 00:22:45.768] [Sensor] [info] false
[2023-04-12 00:22:45.895] [Sensor] [info] Vision Online
[2023-04-12 00:22:47.895] [Sensor] [info] 0
[2023-04-12 00:22:47.895] [Sensor] [info] Defalut
[2023-04-12 00:22:47.895] [Sensor] [info] Get Mine
[2023-04-12 00:22:47.906] [Sensor] [info] false
[2023-04-12 00:22:48.020] [Sensor] [info] Vision Online
[2023-04-12 00:22:50.021] [Sensor] [info] 0
[2023-04-12 00:22:50.021] [Sensor] [info] Defalut
[2023-04-12 00:22:50.021] [Sensor] [info] Get Mine
[2023-04-12 00:22:50.038] [Sensor] [info] false
[2023-04-12 00:22:50.150] [Sensor] [info] Vision Online
[2023-04-12 00:22:52.150] [Sensor] [info] 0
[2023-04-12 00:22:52.150] [Sensor] [info] Defalut
[2023-04-12 00:22:52.150] [Sensor] [info] Get Mine
[2023-04-12 00:22:52.174] [Sensor] [info] false
[2023-04-12 00:22:52.298] [Sensor] [info] Vision Online
[2023-04-12 00:22:54.299] [Sensor] [info] 0
[2023-04-12 00:22:54.299] [Sensor] [info] Defalut
[2023-04-12 00:22:54.299] [Sensor] [info] Get Mine
[2023-04-12 00:22:54.327] [Sensor] [info] false
[2023-04-12 00:22:54.447] [Sensor] [info] Vision Online
[2023-04-12 00:22:56.447] [Sensor] [info] 0
[2023-04-12 00:22:56.448] [Sensor] [info] Defalut
[2023-04-12 00:22:56.448] [Sensor] [info] Get Mine
[2023-04-12 00:22:56.478] [Sensor] [info] false
[2023-04-12 00:22:56.620] [Sensor] [info] Vision Online
[2023-04-12 00:22:58.620] [Sensor] [info] 0
[2023-04-12 00:22:58.620] [Sensor] [info] Defalut
[2023-04-12 00:22:58.620] [Sensor] [info] Get Mine
[2023-04-12 00:22:58.656] [Sensor] [info] false
[2023-04-12 00:22:58.809] [Sensor] [info] Vision Online
[2023-04-12 00:23:00.809] [Sensor] [info] 0
[2023-04-12 00:23:00.809] [Sensor] [info] Defalut
[2023-04-12 00:23:00.809] [Sensor] [info] Get Mine
[2023-04-12 00:23:00.839] [Sensor] [info] false
[2023-04-12 00:23:00.965] [Sensor] [info] Vision Online
[2023-04-12 00:23:02.966] [Sensor] [info] 0
[2023-04-12 00:23:02.966] [Sensor] [info] Defalut
[2023-04-12 00:23:02.966] [Sensor] [info] Get Mine
[2023-04-12 00:23:02.996] [Sensor] [info] false
[2023-04-12 00:23:03.159] [Sensor] [info] Vision Online
[2023-04-12 00:23:05.159] [Sensor] [info] 0
[2023-04-12 00:23:05.159] [Sensor] [info] Defalut
[2023-04-12 00:23:05.159] [Sensor] [info] Get Mine
[2023-04-12 00:23:05.178] [Sensor] [info] false
[2023-04-12 00:23:05.316] [Sensor] [info] Vision Online
[2023-04-12 00:23:07.316] [Sensor] [info] 0
[2023-04-12 00:23:07.316] [Sensor] [info] Defalut
[2023-04-12 00:23:07.316] [Sensor] [info] Get Mine
[2023-04-12 00:23:07.329] [Sen