[2023-04-12 00:14:55.292] [main] [critical] ../logs/Error_
[2023-04-12 00:14:55.293] [Bridge] [info] [47m[30musing SERIAL[0m
[2023-04-12 00:14:57.357] [Sensor] [warning] 内录已开始
[2023-04-12 00:14:57.357] [Sensor] [info] Vision Online
[2023-04-12 00:14:59.357] [Sensor] [info] 0
[2023-04-12 00:14:59.357] [Sensor] [info] Defalut
[2023-04-12 00:14:59.357] [Sensor] [info] Get Mine
[2023-04-12 00:14:59.812] [Sensor] [info] false
[2023-04-12 00:15:01.574] [Sensor] [info] Vision Online
[2023-04-12 00:15:03.574] [Sensor] [info] 0
[2023-04-12 00:15:03.574] [Sensor] [info] Defalut
[2023-04-12 00:15:03.574] [Sensor] [info] Get Mine
[2023-04-12 00:15:03.600] [Sensor] [info] false
[2023-04-12 00:15:03.726] [Sensor] [info] Vision Online
[2023-04-12 00:15:05.726] [Sensor] [info] 0
[2023-04-12 00:15:05.726] [Sensor] [info] Defalut
[2023-04-12 00:15:05.726] [Sensor] [info] Get Mine
[2023-04-12 00:15:05.734] [Sensor] [info] false
[2023-04-12 00:15:05.875] [Sensor] [info] Vision Online
[2023-04-12 00:15:07.875] [Sensor] [info] 0
[2023-04-12 00:15:07.875] [Sensor] [info] Defalut
[2023-04-12 00:15:07.875] [Sensor] [info] Get Mine
[2023-04-12 00:15:07.901] [Sensor] [info] false
[2023-04-12 00:15:08.035] [Sensor] [info] Vision Online
[2023-04-12 00:15:10.036] [Sensor] [info] 0
[2023-04-12 00:15:10.036] [Sensor] [info] Defalut
[2023-04-12 00:15:10.036] [Sensor] [info] Get Mine
[2023-04-12 00:15:10.070] [Sensor] [info] false
[2023-04-12 00:15:10.187] [Sensor] [info] Vision Online
[2023-04-12 00:15:12.187] [Sensor] [info] 0
[2023-04-12 00:15:12.187] [Sensor] [info] Defalut
[2023-04-12 00:15:12.187] [Sensor] [info] Get Mine
[2023-04-12 00:15:12.216] [Sensor] [info] false
[2023-04-12 00:15:12.333] [Sensor] [info] Vision Online
[2023-04-12 00:15:14.334] [Sensor] [info] 0
[2023-04-12 00:15:14.334] [Sensor] [info] Defalut
[2023-04-12 00:15:14.334] [Sensor] [info] Get Mine
[2023-04-12 00:15:14.345] [Sensor] [info] false
[2023-04-12 00:15:14.456] [Sensor] [info] Vision Online
[2023-04-12 00:15:16.456] [Sensor] [info] 0
[2023-04-12 00:15:16.456] [Sensor] [info] Defalut
[2023-04-12 00:15:16.456] [Sensor] [info] Get Mine
[2023-04-12 00:15:16.490] [Sensor] [info] false
[2023-04-12 00:15:16.608] [Sensor] [info] Vision Online
[2023-04-12 00:15:18.608] [Sensor] [info] 0
[2023-04-12 00:15:18.608] [Sensor] [info] Defalut
[2023-04-12 00:15:18.608] [Sensor] [info] Get Mine
[2023-04-12 00:15:18.619] [Sensor] [info] false
[2023-04-12 00:15:18.734] [Sensor] [info] Vision Online
[2023-04-12 00:15:20.735] [Sensor] [info] 0
[2023-04-12 00:15:20.735] [Sensor] [info] Defalut
[2023-04-12 00:15:20.735] [Sensor] [info] Get Mine
[2023-04-12 00:15:20.763] [Sensor] [info] false
[2023-04-12 00:15:20.893] [Sensor] [info] Vision Online
[2023-04-12 00:15:22.894] [Sensor] [info] 0
[2023-04-12 00:15:22.894] [Sensor] [info] Defalut
[2023-04-12 00:15:22.894] [Sensor] [info] Get Mine
[2023-04-12 00:15:22.935] [Sensor] [info] false
[2023-04-12 00:15:23.053] [Sensor] [info] Vision Online
[2023-04-12 00:15:25.053] [Sensor] [info] 0
[2023-04-12 00:15:25.053] [Sensor] [info] Defalut
[2023-04-12 00:15:25.053] [Sensor] [info] Get Mine
[2023-04-12 00:15:25.090] [Sensor] [info] false
[2023-04-12 00:15:25.210] [Sensor] [info] Vision Online
[2023-04-12 00:15:27.210] [Sensor] [info] 0
[2023-04-12 00:15:27.210] [Sensor] [info] Defalut
[2023-04-12 00:15:27.210] [Sensor] [info] Get Mine
[2023-04-12 00:15:27.222] [Sensor] [info] false
[2023-04-12 00:15:27.340] [Sensor] [info] Vision Online
[2023-04-12 00:15:29.341] [Sensor] [info] 0
[2023-04-12 00:15:29.341] [Sensor] [info] Defalut
[2023-04-12 00:15:29.341] [Sensor] [info] Get Mine
[2023-04-12 00:15:29.373] [Sensor] [info] false
[2023-04-12 00:15:29.495] [Sensor] [info] Vision Online
[2023-04-12 00:15:31.495] [Sensor] [info] 0
[2023-04-12 00:15:31.496] [Sensor] [info] Defalut
[2023-04-12 00:15:31.496] [Sensor] [info] Get Mine
[2023-04-12 00:15:31.521] [Sensor] [info] false
[2023-04-12 00:15:31.633] [Sensor] [info] Vision Online
[2023-04-12 00:15:33.633] [Sensor] [info] 0
[2023-04-12 00:15:33.633] [Sensor] [info] Defalut
[2023-04-12 00:15:33.633] [Sensor] [info] Get Mine
[2023-04-12 00:15:33.664] [Sen